  Enemy.cpp
D:\Documents\Visual Studio\project VS\HotlineMiami3\HotlineMiami3\Enemy.cpp(35,43): warning C4244: +=: преобразование "float" в "T", возможна потеря данных
          with
          [
              T=int
          ]
D:\Documents\Visual Studio\project VS\HotlineMiami3\HotlineMiami3\Enemy.cpp(37,42): warning C4244: +=: преобразование "float" в "T", возможна потеря данных
          with
          [
              T=int
          ]
D:\Documents\Visual Studio\project VS\HotlineMiami3\HotlineMiami3\Enemy.cpp(46,50): warning C4244: аргумент: преобразование "T" в "float", возможна потеря данных
          with
          [
              T=int
          ]
D:\Documents\Visual Studio\project VS\HotlineMiami3\HotlineMiami3\Enemy.cpp(46,35): warning C4244: аргумент: преобразование "T" в "float", возможна потеря данных
          with
          [
              T=int
          ]
D:\Documents\Visual Studio\project VS\HotlineMiami3\HotlineMiami3\Enemy.cpp(47,75): warning C4244: аргумент: преобразование "int" в "float", возможна потеря данных
D:\Documents\Visual Studio\project VS\HotlineMiami3\HotlineMiami3\Enemy.cpp(47,40): warning C4244: аргумент: преобразование "int" в "float", возможна потеря данных
D:\Documents\Visual Studio\project VS\HotlineMiami3\HotlineMiami3\Enemy.cpp(48,75): warning C4244: аргумент: преобразование "int" в "float", возможна потеря данных
D:\Documents\Visual Studio\project VS\HotlineMiami3\HotlineMiami3\Enemy.cpp(48,40): warning C4244: аргумент: преобразование "int" в "float", возможна потеря данных
D:\Documents\Visual Studio\project VS\HotlineMiami3\HotlineMiami3\Enemy.cpp(49,79): warning C4244: аргумент: преобразование "int" в "float", возможна потеря данных
D:\Documents\Visual Studio\project VS\HotlineMiami3\HotlineMiami3\Enemy.cpp(49,44): warning C4244: аргумент: преобразование "int" в "float", возможна потеря данных
D:\Documents\Visual Studio\project VS\HotlineMiami3\HotlineMiami3\Enemy.cpp(50,79): warning C4244: аргумент: преобразование "int" в "float", возможна потеря данных
D:\Documents\Visual Studio\project VS\HotlineMiami3\HotlineMiami3\Enemy.cpp(50,44): warning C4244: аргумент: преобразование "int" в "float", возможна потеря данных
D:\Documents\Visual Studio\project VS\HotlineMiami3\HotlineMiami3\Enemy.cpp(57,56): warning C4244: +=: преобразование "float" в "T", возможна потеря данных
          with
          [
              T=int
          ]
D:\Documents\Visual Studio\project VS\HotlineMiami3\HotlineMiami3\Enemy.cpp(59,55): warning C4244: +=: преобразование "float" в "T", возможна потеря данных
          with
          [
              T=int
          ]
D:\Documents\Visual Studio\project VS\HotlineMiami3\HotlineMiami3\Enemy.cpp(64,29): warning C4305: -=: усечение из "double" в "float"
D:\Documents\Visual Studio\project VS\HotlineMiami3\HotlineMiami3\Enemy.cpp(130,27): warning C4305: =: усечение из "double" в "float"
D:\Documents\Visual Studio\project VS\HotlineMiami3\HotlineMiami3\Enemy.cpp(186,27): warning C4305: =: усечение из "double" в "float"
D:\Documents\Visual Studio\project VS\HotlineMiami3\HotlineMiami3\Enemy.cpp(335,13): warning C4244: инициализация: преобразование "double" в "float", возможна потеря данных
D:\Documents\Visual Studio\project VS\HotlineMiami3\HotlineMiami3\Enemy.cpp(336,13): warning C4244: инициализация: преобразование "double" в "float", возможна потеря данных
  Создание кода
  3 of 1034 functions ( 0.3%) were compiled, the rest were copied from previous compilation.
    0 functions were new in current compilation
    1 functions had inline decision re-evaluated but remain unchanged
  Создание кода завершено
  HotlineMiami3.vcxproj -> D:\Documents\Visual Studio\project VS\HotlineMiami3\x64\Release\HotlineMiami3.exe
